<?xml version="1.0" encoding="UTF-8"?>
<testsuite xmlns:xsi="http://www.w3.org/2001/XMLSchema-instance" xsi:noNamespaceSchemaLocation="https://maven.apache.org/surefire/maven-surefire-plugin/xsd/surefire-test-report-3.0.xsd" version="3.0" name="_12a.rentacar.RentacarApplicationTests" time="5.291" tests="10" errors="0" skipped="0" failures="0">
  <properties>
    <property name="java.specification.version" value="21"/>
    <property name="sun.jnu.encoding" value="UTF-8"/>
    <property name="java.class.path" value="/config/IdeaProjects/rentacar/target/test-classes:/config/IdeaProjects/rentacar/target/classes:/config/.m2/repository/org/springframework/boot/spring-boot-starter-data-jdbc/3.2.1/spring-boot-starter-data-jdbc-3.2.1.jar:/config/.m2/repository/org/springframework/data/spring-data-jdbc/3.2.1/spring-data-jdbc-3.2.1.jar:/config/.m2/repository/org/springframework/data/spring-data-relational/3.2.1/spring-data-relational-3.2.1.jar:/config/.m2/repository/com/github/jsqlparser/jsqlparser/4.6/jsqlparser-4.6.jar:/config/.m2/repository/org/springframework/data/spring-data-commons/3.2.1/spring-data-commons-3.2.1.jar:/config/.m2/repository/org/springframework/spring-tx/6.1.2/spring-tx-6.1.2.jar:/config/.m2/repository/org/springframework/spring-context/6.1.2/spring-context-6.1.2.jar:/config/.m2/repository/org/springframework/spring-beans/6.1.2/spring-beans-6.1.2.jar:/config/.m2/repository/org/springframework/boot/spring-boot-starter-data-rest/3.2.1/spring-boot-starter-data-rest-3.2.1.jar:/config/.m2/repository/org/springframework/data/spring-data-rest-webmvc/4.2.1/spring-data-rest-webmvc-4.2.1.jar:/config/.m2/repository/org/springframework/data/spring-data-rest-core/4.2.1/spring-data-rest-core-4.2.1.jar:/config/.m2/repository/org/springframework/hateoas/spring-hateoas/2.2.0/spring-hateoas-2.2.0.jar:/config/.m2/repository/org/springframework/plugin/spring-plugin-core/3.0.0/spring-plugin-core-3.0.0.jar:/config/.m2/repository/org/atteo/evo-inflector/1.3/evo-inflector-1.3.jar:/config/.m2/repository/com/fasterxml/jackson/core/jackson-databind/2.15.3/jackson-databind-2.15.3.jar:/config/.m2/repository/com/fasterxml/jackson/core/jackson-core/2.15.3/jackson-core-2.15.3.jar:/config/.m2/repository/com/fasterxml/jackson/core/jackson-annotations/2.15.3/jackson-annotations-2.15.3.jar:/config/.m2/repository/org/springframework/boot/spring-boot-starter-jdbc/3.2.1/spring-boot-starter-jdbc-3.2.1.jar:/config/.m2/repository/com/zaxxer/HikariCP/5.0.1/HikariCP-5.0.1.jar:/config/.m2/repository/org/springframework/spring-jdbc/6.1.2/spring-jdbc-6.1.2.jar:/config/.m2/repository/org/springframework/boot/spring-boot-starter-thymeleaf/3.2.1/spring-boot-starter-thymeleaf-3.2.1.jar:/config/.m2/repository/org/thymeleaf/thymeleaf-spring6/3.1.2.RELEASE/thymeleaf-spring6-3.1.2.RELEASE.jar:/config/.m2/repository/org/thymeleaf/thymeleaf/3.1.2.RELEASE/thymeleaf-3.1.2.RELEASE.jar:/config/.m2/repository/org/attoparser/attoparser/2.0.7.RELEASE/attoparser-2.0.7.RELEASE.jar:/config/.m2/repository/org/unbescape/unbescape/1.1.6.RELEASE/unbescape-1.1.6.RELEASE.jar:/config/.m2/repository/org/springframework/boot/spring-boot-starter-web/3.2.1/spring-boot-starter-web-3.2.1.jar:/config/.m2/repository/org/springframework/boot/spring-boot-starter-json/3.2.1/spring-boot-starter-json-3.2.1.jar:/config/.m2/repository/com/fasterxml/jackson/datatype/jackson-datatype-jdk8/2.15.3/jackson-datatype-jdk8-2.15.3.jar:/config/.m2/repository/com/fasterxml/jackson/datatype/jackson-datatype-jsr310/2.15.3/jackson-datatype-jsr310-2.15.3.jar:/config/.m2/repository/com/fasterxml/jackson/module/jackson-module-parameter-names/2.15.3/jackson-module-parameter-names-2.15.3.jar:/config/.m2/repository/org/springframework/boot/spring-boot-starter-tomcat/3.2.1/spring-boot-starter-tomcat-3.2.1.jar:/config/.m2/repository/org/apache/tomcat/embed/tomcat-embed-core/10.1.17/tomcat-embed-core-10.1.17.jar:/config/.m2/repository/org/apache/tomcat/embed/tomcat-embed-el/10.1.17/tomcat-embed-el-10.1.17.jar:/config/.m2/repository/org/apache/tomcat/embed/tomcat-embed-websocket/10.1.17/tomcat-embed-websocket-10.1.17.jar:/config/.m2/repository/org/springframework/spring-web/6.1.2/spring-web-6.1.2.jar:/config/.m2/repository/io/micrometer/micrometer-observation/1.12.1/micrometer-observation-1.12.1.jar:/config/.m2/repository/io/micrometer/micrometer-commons/1.12.1/micrometer-commons-1.12.1.jar:/config/.m2/repository/org/springframework/spring-webmvc/6.1.2/spring-webmvc-6.1.2.jar:/config/.m2/repository/org/springframework/spring-aop/6.1.2/spring-aop-6.1.2.jar:/config/.m2/repository/org/springframework/spring-expression/6.1.2/spring-expression-6.1.2.jar:/config/.m2/repository/org/springframework/boot/spring-boot-starter/3.2.1/spring-boot-starter-3.2.1.jar:/config/.m2/repository/org/springframework/boot/spring-boot/3.2.1/spring-boot-3.2.1.jar:/config/.m2/repository/org/springframework/boot/spring-boot-autoconfigure/3.2.1/spring-boot-autoconfigure-3.2.1.jar:/config/.m2/repository/jakarta/annotation/jakarta.annotation-api/2.1.1/jakarta.annotation-api-2.1.1.jar:/config/.m2/repository/org/springframework/spring-core/6.1.2/spring-core-6.1.2.jar:/config/.m2/repository/org/springframework/spring-jcl/6.1.2/spring-jcl-6.1.2.jar:/config/.m2/repository/org/yaml/snakeyaml/2.2/snakeyaml-2.2.jar:/config/.m2/repository/org/springframework/boot/spring-boot-starter-log4j2/3.2.1/spring-boot-starter-log4j2-3.2.1.jar:/config/.m2/repository/org/apache/logging/log4j/log4j-slf4j2-impl/2.21.1/log4j-slf4j2-impl-2.21.1.jar:/config/.m2/repository/org/apache/logging/log4j/log4j-jul/2.21.1/log4j-jul-2.21.1.jar:/config/.m2/repository/org/springframework/boot/spring-boot-devtools/3.2.1/spring-boot-devtools-3.2.1.jar:/config/.m2/repository/org/springframework/boot/spring-boot-starter-test/3.2.1/spring-boot-starter-test-3.2.1.jar:/config/.m2/repository/org/springframework/boot/spring-boot-test/3.2.1/spring-boot-test-3.2.1.jar:/config/.m2/repository/org/springframework/boot/spring-boot-test-autoconfigure/3.2.1/spring-boot-test-autoconfigure-3.2.1.jar:/config/.m2/repository/com/jayway/jsonpath/json-path/2.8.0/json-path-2.8.0.jar:/config/.m2/repository/jakarta/xml/bind/jakarta.xml.bind-api/4.0.1/jakarta.xml.bind-api-4.0.1.jar:/config/.m2/repository/jakarta/activation/jakarta.activation-api/2.1.2/jakarta.activation-api-2.1.2.jar:/config/.m2/repository/net/minidev/json-smart/2.5.0/json-smart-2.5.0.jar:/config/.m2/repository/net/minidev/accessors-smart/2.5.0/accessors-smart-2.5.0.jar:/config/.m2/repository/org/ow2/asm/asm/9.3/asm-9.3.jar:/config/.m2/repository/org/assertj/assertj-core/3.24.2/assertj-core-3.24.2.jar:/config/.m2/repository/net/bytebuddy/byte-buddy/1.14.10/byte-buddy-1.14.10.jar:/config/.m2/repository/org/awaitility/awaitility/4.2.0/awaitility-4.2.0.jar:/config/.m2/repository/org/hamcrest/hamcrest/2.2/hamcrest-2.2.jar:/config/.m2/repository/org/junit/jupiter/junit-jupiter/5.10.1/junit-jupiter-5.10.1.jar:/config/.m2/repository/org/junit/jupiter/junit-jupiter-params/5.10.1/junit-jupiter-params-5.10.1.jar:/config/.m2/repository/org/junit/jupiter/junit-jupiter-engine/5.10.1/junit-jupiter-engine-5.10.1.jar:/config/.m2/repository/org/junit/platform/junit-platform-engine/1.10.1/junit-platform-engine-1.10.1.jar:/config/.m2/repository/org/mockito/mockito-core/5.7.0/mockito-core-5.7.0.jar:/config/.m2/repository/net/bytebuddy/byte-buddy-agent/1.14.10/byte-buddy-agent-1.14.10.jar:/config/.m2/repository/org/objenesis/objenesis/3.3/objenesis-3.3.jar:/config/.m2/repository/org/mockito/mockito-junit-jupiter/5.7.0/mockito-junit-jupiter-5.7.0.jar:/config/.m2/repository/org/skyscreamer/jsonassert/1.5.1/jsonassert-1.5.1.jar:/config/.m2/repository/com/vaadin/external/google/android-json/0.0.20131108.vaadin1/android-json-0.0.20131108.vaadin1.jar:/config/.m2/repository/org/xmlunit/xmlunit-core/2.9.1/xmlunit-core-2.9.1.jar:/config/.m2/repository/org/testng/testng/7.9.0/testng-7.9.0.jar:/config/.m2/repository/org/slf4j/slf4j-api/2.0.9/slf4j-api-2.0.9.jar:/config/.m2/repository/com/beust/jcommander/1.82/jcommander-1.82.jar:/config/.m2/repository/org/webjars/jquery/3.7.1/jquery-3.7.1.jar:/config/.m2/repository/org/junit/jupiter/junit-jupiter-api/5.10.1/junit-jupiter-api-5.10.1.jar:/config/.m2/repository/org/opentest4j/opentest4j/1.3.0/opentest4j-1.3.0.jar:/config/.m2/repository/org/junit/platform/junit-platform-commons/1.10.1/junit-platform-commons-1.10.1.jar:/config/.m2/repository/org/apiguardian/apiguardian-api/1.1.2/apiguardian-api-1.1.2.jar:/config/.m2/repository/org/springframework/spring-test/6.1.2/spring-test-6.1.2.jar:/config/.m2/repository/org/apache/logging/log4j/log4j-api/2.21.1/log4j-api-2.21.1.jar:/config/.m2/repository/org/apache/logging/log4j/log4j-core/2.21.1/log4j-core-2.21.1.jar:/config/.m2/repository/com/mysql/mysql-connector-j/8.0.33/mysql-connector-j-8.0.33.jar:/config/.m2/repository/org/mariadb/jdbc/mariadb-java-client/2.1.2/mariadb-java-client-2.1.2.jar:"/>
    <property name="java.vm.vendor" value="Oracle Corporation"/>
    <property name="sun.arch.data.model" value="64"/>
    <property name="catalina.useNaming" value="false"/>
    <property name="java.vendor.url" value="https://java.oracle.com/"/>
    <property name="user.timezone" value="Europe/Warsaw"/>
    <property name="os.name" value="Linux"/>
    <property name="java.vm.specification.version" value="21"/>
    <property name="sun.java.launcher" value="SUN_STANDARD"/>
    <property name="user.country" value="US"/>
    <property name="sun.boot.library.path" value="/config/.jdks/openjdk-21.0.1/lib"/>
    <property name="sun.java.command" value="/config/IdeaProjects/rentacar/target/surefire/surefirebooter-20240112091742657_3.jar /config/IdeaProjects/rentacar/target/surefire 2024-01-12T09-17-42_564-jvmRun1 surefire-20240112091742657_1tmp surefire_0-20240112091742657_2tmp"/>
    <property name="jdk.debug" value="release"/>
    <property name="surefire.test.class.path" value="/config/IdeaProjects/rentacar/target/test-classes:/config/IdeaProjects/rentacar/target/classes:/config/.m2/repository/org/springframework/boot/spring-boot-starter-data-jdbc/3.2.1/spring-boot-starter-data-jdbc-3.2.1.jar:/config/.m2/repository/org/springframework/data/spring-data-jdbc/3.2.1/spring-data-jdbc-3.2.1.jar:/config/.m2/repository/org/springframework/data/spring-data-relational/3.2.1/spring-data-relational-3.2.1.jar:/config/.m2/repository/com/github/jsqlparser/jsqlparser/4.6/jsqlparser-4.6.jar:/config/.m2/repository/org/springframework/data/spring-data-commons/3.2.1/spring-data-commons-3.2.1.jar:/config/.m2/repository/org/springframework/spring-tx/6.1.2/spring-tx-6.1.2.jar:/config/.m2/repository/org/springframework/spring-context/6.1.2/spring-context-6.1.2.jar:/config/.m2/repository/org/springframework/spring-beans/6.1.2/spring-beans-6.1.2.jar:/config/.m2/repository/org/springframework/boot/spring-boot-starter-data-rest/3.2.1/spring-boot-starter-data-rest-3.2.1.jar:/config/.m2/repository/org/springframework/data/spring-data-rest-webmvc/4.2.1/spring-data-rest-webmvc-4.2.1.jar:/config/.m2/repository/org/springframework/data/spring-data-rest-core/4.2.1/spring-data-rest-core-4.2.1.jar:/config/.m2/repository/org/springframework/hateoas/spring-hateoas/2.2.0/spring-hateoas-2.2.0.jar:/config/.m2/repository/org/springframework/plugin/spring-plugin-core/3.0.0/spring-plugin-core-3.0.0.jar:/config/.m2/repository/org/atteo/evo-inflector/1.3/evo-inflector-1.3.jar:/config/.m2/repository/com/fasterxml/jackson/core/jackson-databind/2.15.3/jackson-databind-2.15.3.jar:/config/.m2/repository/com/fasterxml/jackson/core/jackson-core/2.15.3/jackson-core-2.15.3.jar:/config/.m2/repository/com/fasterxml/jackson/core/jackson-annotations/2.15.3/jackson-annotations-2.15.3.jar:/config/.m2/repository/org/springframework/boot/spring-boot-starter-jdbc/3.2.1/spring-boot-starter-jdbc-3.2.1.jar:/config/.m2/repository/com/zaxxer/HikariCP/5.0.1/HikariCP-5.0.1.jar:/config/.m2/repository/org/springframework/spring-jdbc/6.1.2/spring-jdbc-6.1.2.jar:/config/.m2/repository/org/springframework/boot/spring-boot-starter-thymeleaf/3.2.1/spring-boot-starter-thymeleaf-3.2.1.jar:/config/.m2/repository/org/thymeleaf/thymeleaf-spring6/3.1.2.RELEASE/thymeleaf-spring6-3.1.2.RELEASE.jar:/config/.m2/repository/org/thymeleaf/thymeleaf/3.1.2.RELEASE/thymeleaf-3.1.2.RELEASE.jar:/config/.m2/repository/org/attoparser/attoparser/2.0.7.RELEASE/attoparser-2.0.7.RELEASE.jar:/config/.m2/repository/org/unbescape/unbescape/1.1.6.RELEASE/unbescape-1.1.6.RELEASE.jar:/config/.m2/repository/org/springframework/boot/spring-boot-starter-web/3.2.1/spring-boot-starter-web-3.2.1.jar:/config/.m2/repository/org/springframework/boot/spring-boot-starter-json/3.2.1/spring-boot-starter-json-3.2.1.jar:/config/.m2/repository/com/fasterxml/jackson/datatype/jackson-datatype-jdk8/2.15.3/jackson-datatype-jdk8-2.15.3.jar:/config/.m2/repository/com/fasterxml/jackson/datatype/jackson-datatype-jsr310/2.15.3/jackson-datatype-jsr310-2.15.3.jar:/config/.m2/repository/com/fasterxml/jackson/module/jackson-module-parameter-names/2.15.3/jackson-module-parameter-names-2.15.3.jar:/config/.m2/repository/org/springframework/boot/spring-boot-starter-tomcat/3.2.1/spring-boot-starter-tomcat-3.2.1.jar:/config/.m2/repository/org/apache/tomcat/embed/tomcat-embed-core/10.1.17/tomcat-embed-core-10.1.17.jar:/config/.m2/repository/org/apache/tomcat/embed/tomcat-embed-el/10.1.17/tomcat-embed-el-10.1.17.jar:/config/.m2/repository/org/apache/tomcat/embed/tomcat-embed-websocket/10.1.17/tomcat-embed-websocket-10.1.17.jar:/config/.m2/repository/org/springframework/spring-web/6.1.2/spring-web-6.1.2.jar:/config/.m2/repository/io/micrometer/micrometer-observation/1.12.1/micrometer-observation-1.12.1.jar:/config/.m2/repository/io/micrometer/micrometer-commons/1.12.1/micrometer-commons-1.12.1.jar:/config/.m2/repository/org/springframework/spring-webmvc/6.1.2/spring-webmvc-6.1.2.jar:/config/.m2/repository/org/springframework/spring-aop/6.1.2/spring-aop-6.1.2.jar:/config/.m2/repository/org/springframework/spring-expression/6.1.2/spring-expression-6.1.2.jar:/config/.m2/repository/org/springframework/boot/spring-boot-starter/3.2.1/spring-boot-starter-3.2.1.jar:/config/.m2/repository/org/springframework/boot/spring-boot/3.2.1/spring-boot-3.2.1.jar:/config/.m2/repository/org/springframework/boot/spring-boot-autoconfigure/3.2.1/spring-boot-autoconfigure-3.2.1.jar:/config/.m2/repository/jakarta/annotation/jakarta.annotation-api/2.1.1/jakarta.annotation-api-2.1.1.jar:/config/.m2/repository/org/springframework/spring-core/6.1.2/spring-core-6.1.2.jar:/config/.m2/repository/org/springframework/spring-jcl/6.1.2/spring-jcl-6.1.2.jar:/config/.m2/repository/org/yaml/snakeyaml/2.2/snakeyaml-2.2.jar:/config/.m2/repository/org/springframework/boot/spring-boot-starter-log4j2/3.2.1/spring-boot-starter-log4j2-3.2.1.jar:/config/.m2/repository/org/apache/logging/log4j/log4j-slf4j2-impl/2.21.1/log4j-slf4j2-impl-2.21.1.jar:/config/.m2/repository/org/apache/logging/log4j/log4j-jul/2.21.1/log4j-jul-2.21.1.jar:/config/.m2/repository/org/springframework/boot/spring-boot-devtools/3.2.1/spring-boot-devtools-3.2.1.jar:/config/.m2/repository/org/springframework/boot/spring-boot-starter-test/3.2.1/spring-boot-starter-test-3.2.1.jar:/config/.m2/repository/org/springframework/boot/spring-boot-test/3.2.1/spring-boot-test-3.2.1.jar:/config/.m2/repository/org/springframework/boot/spring-boot-test-autoconfigure/3.2.1/spring-boot-test-autoconfigure-3.2.1.jar:/config/.m2/repository/com/jayway/jsonpath/json-path/2.8.0/json-path-2.8.0.jar:/config/.m2/repository/jakarta/xml/bind/jakarta.xml.bind-api/4.0.1/jakarta.xml.bind-api-4.0.1.jar:/config/.m2/repository/jakarta/activation/jakarta.activation-api/2.1.2/jakarta.activation-api-2.1.2.jar:/config/.m2/repository/net/minidev/json-smart/2.5.0/json-smart-2.5.0.jar:/config/.m2/repository/net/minidev/accessors-smart/2.5.0/accessors-smart-2.5.0.jar:/config/.m2/repository/org/ow2/asm/asm/9.3/asm-9.3.jar:/config/.m2/repository/org/assertj/assertj-core/3.24.2/assertj-core-3.24.2.jar:/config/.m2/repository/net/bytebuddy/byte-buddy/1.14.10/byte-buddy-1.14.10.jar:/config/.m2/repository/org/awaitility/awaitility/4.2.0/awaitility-4.2.0.jar:/config/.m2/repository/org/hamcrest/hamcrest/2.2/hamcrest-2.2.jar:/config/.m2/repository/org/junit/jupiter/junit-jupiter/5.10.1/junit-jupiter-5.10.1.jar:/config/.m2/repository/org/junit/jupiter/junit-jupiter-params/5.10.1/junit-jupiter-params-5.10.1.jar:/config/.m2/repository/org/junit/jupiter/junit-jupiter-engine/5.10.1/junit-jupiter-engine-5.10.1.jar:/config/.m2/repository/org/junit/platform/junit-platform-engine/1.10.1/junit-platform-engine-1.10.1.jar:/config/.m2/repository/org/mockito/mockito-core/5.7.0/mockito-core-5.7.0.jar:/config/.m2/repository/net/bytebuddy/byte-buddy-agent/1.14.10/byte-buddy-agent-1.14.10.jar:/config/.m2/repository/org/objenesis/objenesis/3.3/objenesis-3.3.jar:/config/.m2/repository/org/mockito/mockito-junit-jupiter/5.7.0/mockito-junit-jupiter-5.7.0.jar:/config/.m2/repository/org/skyscreamer/jsonassert/1.5.1/jsonassert-1.5.1.jar:/config/.m2/repository/com/vaadin/external/google/android-json/0.0.20131108.vaadin1/android-json-0.0.20131108.vaadin1.jar:/config/.m2/repository/org/xmlunit/xmlunit-core/2.9.1/xmlunit-core-2.9.1.jar:/config/.m2/repository/org/testng/testng/7.9.0/testng-7.9.0.jar:/config/.m2/repository/org/slf4j/slf4j-api/2.0.9/slf4j-api-2.0.9.jar:/config/.m2/repository/com/beust/jcommander/1.82/jcommander-1.82.jar:/config/.m2/repository/org/webjars/jquery/3.7.1/jquery-3.7.1.jar:/config/.m2/repository/org/junit/jupiter/junit-jupiter-api/5.10.1/junit-jupiter-api-5.10.1.jar:/config/.m2/repository/org/opentest4j/opentest4j/1.3.0/opentest4j-1.3.0.jar:/config/.m2/repository/org/junit/platform/junit-platform-commons/1.10.1/junit-platform-commons-1.10.1.jar:/config/.m2/repository/org/apiguardian/apiguardian-api/1.1.2/apiguardian-api-1.1.2.jar:/config/.m2/repository/org/springframework/spring-test/6.1.2/spring-test-6.1.2.jar:/config/.m2/repository/org/apache/logging/log4j/log4j-api/2.21.1/log4j-api-2.21.1.jar:/config/.m2/repository/org/apache/logging/log4j/log4j-core/2.21.1/log4j-core-2.21.1.jar:/config/.m2/repository/com/mysql/mysql-connector-j/8.0.33/mysql-connector-j-8.0.33.jar:/config/.m2/repository/org/mariadb/jdbc/mariadb-java-client/2.1.2/mariadb-java-client-2.1.2.jar:"/>
    <property name="sun.cpu.endian" value="little"/>
    <property name="user.home" value="/config"/>
    <property name="user.language" value="en"/>
    <property name="java.specification.vendor" value="Oracle Corporation"/>
    <property name="java.version.date" value="2023-10-17"/>
    <property name="java.home" value="/config/.jdks/openjdk-21.0.1"/>
    <property name="file.separator" value="/"/>
    <property name="basedir" value="/config/IdeaProjects/rentacar"/>
    <property name="java.vm.compressedOopsMode" value="Zero based"/>
    <property name="line.separator" value="&#10;"/>
    <property name="java.vm.specification.vendor" value="Oracle Corporation"/>
    <property name="java.specification.name" value="Java Platform API Specification"/>
    <property name="FILE_LOG_CHARSET" value="UTF-8"/>
    <property name="java.awt.headless" value="true"/>
    <property name="surefire.real.class.path" value="/config/IdeaProjects/rentacar/target/surefire/surefirebooter-20240112091742657_3.jar"/>
    <property name="sun.management.compiler" value="HotSpot 64-Bit Tiered Compilers"/>
    <property name="java.runtime.version" value="21.0.1+12-29"/>
    <property name="user.name" value="abc"/>
    <property name="stdout.encoding" value="UTF-8"/>
    <property name="path.separator" value=":"/>
    <property name="os.version" value="6.2.0-39-generic"/>
    <property name="java.runtime.name" value="OpenJDK Runtime Environment"/>
    <property name="file.encoding" value="UTF-8"/>
    <property name="java.vm.name" value="OpenJDK 64-Bit Server VM"/>
    <property name="localRepository" value="/config/.m2/repository"/>
    <property name="java.vendor.url.bug" value="https://bugreport.java.com/bugreport/"/>
    <property name="java.io.tmpdir" value="/tmp"/>
    <property name="idea.version" value="2023.3.2"/>
    <property name="catalina.home" value="/tmp/tomcat.0.7670085133317227062"/>
    <property name="com.zaxxer.hikari.pool_number" value="1"/>
    <property name="java.version" value="21.0.1"/>
    <property name="user.dir" value="/config/IdeaProjects/rentacar"/>
    <property name="os.arch" value="amd64"/>
    <property name="java.vm.specification.name" value="Java Virtual Machine Specification"/>
    <property name="PID" value="35691"/>
    <property name="CONSOLE_LOG_CHARSET" value="UTF-8"/>
    <property name="catalina.base" value="/tmp/tomcat.0.7670085133317227062"/>
    <property name="native.encoding" value="UTF-8"/>
    <property name="java.library.path" value="/usr/java/packages/lib:/usr/lib64:/lib64:/lib:/usr/lib"/>
    <property name="java.vm.info" value="mixed mode, sharing"/>
    <property name="stderr.encoding" value="UTF-8"/>
    <property name="java.vendor" value="Oracle Corporation"/>
    <property name="java.vm.version" value="21.0.1+12-29"/>
    <property name="sun.io.unicode.encoding" value="UnicodeLittle"/>
    <property name="java.class.version" value="65.0"/>
  </properties>
  <testcase name="testDostepneMapping" classname="_12a.rentacar.RentacarApplicationTests" time="1.24">
    <system-out><![CDATA[09:17:43.864 [main] INFO  org.springframework.test.context.support.AnnotationConfigContextLoaderUtils - Could not detect default configuration classes for test class [_12a.rentacar.RentacarApplicationTests]: RentacarApplicationTests does not declare any static, non-private, non-final, nested classes annotated with @Configuration.
09:17:44.018 [main] INFO  org.springframework.boot.test.context.SpringBootTestContextBootstrapper - Found @SpringBootConfiguration _12a.rentacar.RentacarApplication for test class _12a.rentacar.RentacarApplicationTests
09:17:44.359 [main] INFO  org.springframework.boot.devtools.restart.RestartApplicationListener - Restart disabled due to context in which it is running

  .   ____          _            __ _ _
 /\\ / ___'_ __ _ _(_)_ __  __ _ \ \ \ \
( ( )\___ | '_ | '_| | '_ \/ _` | \ \ \ \
 \\/  ___)| |_)| | | | | || (_| |  ) ) ) )
  '  |____| .__|_| |_|_| |_\__, | / / / /
 =========|_|==============|___/=/_/_/_/
 :: Spring Boot ::                (v3.2.1)

09:17:44.602 [main] INFO  _12a.rentacar.RentacarApplicationTests - Starting RentacarApplicationTests using Java 21.0.1 with PID 35691 (started by abc in /config/IdeaProjects/rentacar)
09:17:44.607 [main] INFO  _12a.rentacar.RentacarApplicationTests - No active profile set, falling back to 1 default profile: "default"
09:17:45.342 [main] INFO  org.springframework.data.repository.config.RepositoryConfigurationDelegate - Bootstrapping Spring Data JDBC repositories in DEFAULT mode.
09:17:45.358 [main] INFO  org.springframework.data.repository.config.RepositoryConfigurationDelegate - Finished Spring Data repository scanning in 12 ms. Found 0 JDBC repository interfaces.
09:17:45.961 [main] INFO  org.springframework.boot.web.embedded.tomcat.TomcatWebServer - Tomcat initialized with port 0 (http)
09:17:45.976 [main] INFO  org.apache.coyote.http11.Http11NioProtocol - Initializing ProtocolHandler ["http-nio-auto-1"]
09:17:45.979 [main] INFO  org.apache.catalina.core.StandardService - Starting service [Tomcat]
09:17:45.980 [main] INFO  org.apache.catalina.core.StandardEngine - Starting Servlet engine: [Apache Tomcat/10.1.17]
09:17:46.035 [main] INFO  org.apache.catalina.core.ContainerBase.[Tomcat].[localhost].[/] - Initializing Spring embedded WebApplicationContext
09:17:46.036 [main] INFO  org.springframework.boot.web.servlet.context.ServletWebServerApplicationContext - Root WebApplicationContext: initialization completed in 1402 ms
09:17:46.298 [main] INFO  com.zaxxer.hikari.HikariDataSource - HikariPool-1 - Starting...
09:17:46.359 [main] INFO  com.zaxxer.hikari.pool.HikariPool - HikariPool-1 - Added connection org.mariadb.jdbc.MariaDbConnection@19faedcc
09:17:46.361 [main] INFO  com.zaxxer.hikari.HikariDataSource - HikariPool-1 - Start completed.
09:17:46.501 [main] INFO  org.springframework.boot.autoconfigure.web.servlet.WelcomePageHandlerMapping - Adding welcome page template: index
09:17:47.100 [main] INFO  org.apache.catalina.core.ContainerBase.[Tomcat].[localhost].[/] - Initializing Spring TestDispatcherServlet ''
09:17:47.101 [main] INFO  org.springframework.test.web.servlet.TestDispatcherServlet - Initializing Servlet ''
09:17:47.102 [main] INFO  org.springframework.test.web.servlet.TestDispatcherServlet - Completed initialization in 1 ms
09:17:47.132 [main] INFO  org.apache.coyote.http11.Http11NioProtocol - Starting ProtocolHandler ["http-nio-auto-1"]
09:17:47.146 [main] INFO  org.springframework.boot.web.embedded.tomcat.TomcatWebServer - Tomcat started on port 36543 (http) with context path ''
09:17:47.159 [main] INFO  _12a.rentacar.RentacarApplicationTests - Started RentacarApplicationTests in 2.812 seconds (process running for 4.449)
HTTP status code: 200
/dostepne mapping load successfully
]]></system-out>
    <system-err><![CDATA[WARNING: A Java agent has been loaded dynamically (/config/.m2/repository/net/bytebuddy/byte-buddy-agent/1.14.10/byte-buddy-agent-1.14.10.jar)
WARNING: If a serviceability tool is in use, please run with -XX:+EnableDynamicAgentLoading to hide this warning
WARNING: If a serviceability tool is not in use, please run with -Djdk.instrument.traceUsage for more information
WARNING: Dynamic loading of agents will be disallowed by default in a future release
]]></system-err>
  </testcase>
  <testcase name="testInsertForWypozyczenia" classname="_12a.rentacar.RentacarApplicationTests" time="0.018">
    <system-out><![CDATA[Rekord został dodany do bazy!
]]></system-out>
  </testcase>
  <testcase name="testDziekiMapping" classname="_12a.rentacar.RentacarApplicationTests" time="0.01">
    <system-out><![CDATA[HTTP status code: 200
/dzieki mapping load successfully
]]></system-out>
  </testcase>
  <testcase name="testInsertForKlienci" classname="_12a.rentacar.RentacarApplicationTests" time="0.005">
    <system-out><![CDATA[Rekord został dodany do bazy!
]]></system-out>
  </testcase>
  <testcase name="testRejestracjaMapping" classname="_12a.rentacar.RentacarApplicationTests" time="0.008">
    <system-out><![CDATA[HTTP status code: 200
/rejestracja mapping load successfully
]]></system-out>
  </testcase>
  <testcase name="testWypozyczMapping" classname="_12a.rentacar.RentacarApplicationTests" time="0.008">
    <system-out><![CDATA[HTTP status code: 200
/wypozycz mapping load successfully
]]></system-out>
  </testcase>
  <testcase name="testConToDB" classname="_12a.rentacar.RentacarApplicationTests" time="0.01">
    <system-out><![CDATA[Połączono z bazą!
]]></system-out>
  </testcase>
  <testcase name="testDaysCount" classname="_12a.rentacar.RentacarApplicationTests" time="0.007">
    <system-out><![CDATA[Expected output: 29 Dni
Wynik metody: 29 Dni
]]></system-out>
  </testcase>
  <testcase name="testMainPageMapping" classname="_12a.rentacar.RentacarApplicationTests" time="0.019">
    <system-out><![CDATA[09:17:48.541 [main] INFO  _12a.rentacar.RentacarController - Loaded welcome page
HTTP status code: 200
/ mapping load successfully
]]></system-out>
  </testcase>
  <testcase name="testInsertForSamochody" classname="_12a.rentacar.RentacarApplicationTests" time="0.017">
    <system-out><![CDATA[Rekord testowy został dodany do tabeli Samochody!
]]></system-out>
  </testcase>
</testsuite>